# JRE version: OpenJDK Runtime Environment Temurin-21.0.7+6 (21.0.7+6) (build 21.0.7+6-LTS)
# Java VM: OpenJDK 64-Bit Server VM Temurin-21.0.7+6 (21.0.7+6-LTS, mixed mode, sharing, tiered, compressed oops, compressed class ptrs, parallel gc, windows-amd64)
GC Precious Log:
 CardTable entry size: 512
 CPUs: 4 total, 4 available
 Memory: 7971M
 Large Page Support: Disabled
 NUMA Support: Disabled
 Compressed Oops: Enabled (32-bit)
 Alignments: Space 512K, Generation 512K, Heap 2M
 Heap Min Capacity: 100M
 Heap Initial Capacity: 100M
 Heap Max Capacity: 1G
 Pre-touch: Disabled
 Parallel Workers: 4
Heap:
 PSYoungGen      total 21504K, used 8336K [0x00000000eab00000, 0x00000000ec380000, 0x0000000100000000)
  eden space 20480K, 35% used [0x00000000eab00000,0x00000000eb22a060,0x00000000ebf00000)
  from space 1024K, 97% used [0x00000000ec100000,0x00000000ec1fa218,0x00000000ec200000)
  to   space 2048K, 0% used [0x00000000ebf00000,0x00000000ebf00000,0x00000000ec100000)
 ParOldGen       total 68608K, used 30180K [0x00000000c0000000, 0x00000000c4300000, 0x00000000eab00000)
  object space 68608K, 43% used [0x00000000c0000000,0x00000000c1d79000,0x00000000c4300000)
 Metaspace       used 42270K, committed 43264K, reserved 1114112K
  class space    used 4156K, committed 4608K, reserved 1048576K
GC Heap History (20 events):
Event: 5.372 GC heap before
{Heap before GC invocations=15 (full 1):
 PSYoungGen      total 24064K, used 24032K [0x00000000eab00000, 0x00000000ec580000, 0x0000000100000000)
  eden space 22016K, 100% used [0x00000000eab00000,0x00000000ec080000,0x00000000ec080000)
  from space 2048K, 98% used [0x00000000ec200000,0x00000000ec3f8000,0x00000000ec400000)
  to   space 1536K, 0% used [0x00000000ec400000,0x00000000ec400000,0x00000000ec580000)
 ParOldGen       total 68608K, used 20194K [0x00000000c0000000, 0x00000000c4300000, 0x00000000eab00000)
  object space 68608K, 29% used [0x00000000c0000000,0x00000000c13b8820,0x00000000c4300000)
 Metaspace       used 31713K, committed 32640K, reserved 1114112K
  class space    used 3113K, committed 3520K, reserved 1048576K
}
Event: 5.378 GC heap after
{Heap after GC invocations=15 (full 1):
 PSYoungGen      total 22528K, used 1508K [0x00000000eab00000, 0x00000000ec980000, 0x0000000100000000)
  eden space 20992K, 0% used [0x00000000eab00000,0x00000000eab00000,0x00000000ebf80000)
  from space 1536K, 98% used [0x00000000ec400000,0x00000000ec579000,0x00000000ec580000)
  to   space 4608K, 0% used [0x00000000ebf80000,0x00000000ebf80000,0x00000000ec400000)
 ParOldGen       total 68608K, used 22649K [0x00000000c0000000, 0x00000000c4300000, 0x00000000eab00000)
  object space 68608K, 33% used [0x00000000c0000000,0x00000000c161e7f8,0x00000000c4300000)
 Metaspace       used 31713K, committed 32640K, reserved 1114112K
  class space    used 3113K, committed 3520K, reserved 1048576K
}
Event: 5.439 GC heap before
{Heap before GC invocations=16 (full 1):
 PSYoungGen      total 22528K, used 22500K [0x00000000eab00000, 0x00000000ec980000, 0x0000000100000000)
  eden space 20992K, 100% used [0x00000000eab00000,0x00000000ebf80000,0x00000000ebf80000)
  from space 1536K, 98% used [0x00000000ec400000,0x00000000ec579000,0x00000000ec580000)
  to   space 4608K, 0% used [0x00000000ebf80000,0x00000000ebf80000,0x00000000ec400000)
 ParOldGen       total 68608K, used 22649K [0x00000000c0000000, 0x00000000c4300000, 0x00000000eab00000)
  object space 68608K, 33% used [0x00000000c0000000,0x00000000c161e7f8,0x00000000c4300000)
 Metaspace       used 31765K, committed 32640K, reserved 1114112K
  class space    used 3115K, committed 3520K, reserved 1048576K
}
Event: 5.442 GC heap after
{Heap after GC invocations=16 (full 1):
 PSYoungGen      total 23040K, used 1984K [0x00000000eab00000, 0x00000000ec580000, 0x0000000100000000)
  eden space 20992K, 0% used [0x00000000eab00000,0x00000000eab00000,0x00000000ebf80000)
  from space 2048K, 96% used [0x00000000ebf80000,0x00000000ec170010,0x00000000ec180000)
  to   space 3072K, 0% used [0x00000000ec280000,0x00000000ec280000,0x00000000ec580000)
 ParOldGen       total 68608K, used 24181K [0x00000000c0000000, 0x00000000c4300000, 0x00000000eab00000)
  object space 68608K, 35% used [0x00000000c0000000,0x00000000c179d7f8,0x00000000c4300000)
 Metaspace       used 31765K, committed 32640K, reserved 1114112K
  class space    used 3115K, committed 3520K, reserved 1048576K
}
Event: 5.544 GC heap before
{Heap before GC invocations=17 (full 1):
 PSYoungGen      total 23040K, used 22976K [0x00000000eab00000, 0x00000000ec580000, 0x0000000100000000)
  eden space 20992K, 100% used [0x00000000eab00000,0x00000000ebf80000,0x00000000ebf80000)
  from space 2048K, 96% used [0x00000000ebf80000,0x00000000ec170010,0x00000000ec180000)
  to   space 3072K, 0% used [0x00000000ec280000,0x00000000ec280000,0x00000000ec580000)
 ParOldGen       total 68608K, used 24181K [0x00000000c0000000, 0x00000000c4300000, 0x00000000eab00000)
  object space 68608K, 35% used [0x00000000c0000000,0x00000000c179d7f8,0x00000000c4300000)
 Metaspace       used 31999K, committed 32896K, reserved 1114112K
  class space    used 3136K, committed 3584K, reserved 1048576K
}
Event: 5.549 GC heap after
{Heap after GC invocations=17 (full 1):
 PSYoungGen      total 23040K, used 1848K [0x00000000eab00000, 0x00000000ec480000, 0x0000000100000000)
  eden space 20992K, 0% used [0x00000000eab00000,0x00000000eab00000,0x00000000ebf80000)
  from space 2048K, 90% used [0x00000000ec280000,0x00000000ec44e200,0x00000000ec480000)
  to   space 2048K, 0% used [0x00000000ebf80000,0x00000000ebf80000,0x00000000ec180000)
 ParOldGen       total 68608K, used 26086K [0x00000000c0000000, 0x00000000c4300000, 0x00000000eab00000)
  object space 68608K, 38% used [0x00000000c0000000,0x00000000c1979808,0x00000000c4300000)
 Metaspace       used 31999K, committed 32896K, reserved 1114112K
  class space    used 3136K, committed 3584K, reserved 1048576K
}
Event: 6.252 GC heap before
{Heap before GC invocations=18 (full 1):
 PSYoungGen      total 23040K, used 22799K [0x00000000eab00000, 0x00000000ec480000, 0x0000000100000000)
  eden space 20992K, 99% used [0x00000000eab00000,0x00000000ebf75c60,0x00000000ebf80000)
  from space 2048K, 90% used [0x00000000ec280000,0x00000000ec44e200,0x00000000ec480000)
  to   space 2048K, 0% used [0x00000000ebf80000,0x00000000ebf80000,0x00000000ec180000)
 ParOldGen       total 68608K, used 26086K [0x00000000c0000000, 0x00000000c4300000, 0x00000000eab00000)
  object space 68608K, 38% used [0x00000000c0000000,0x00000000c1979808,0x00000000c4300000)
 Metaspace       used 34460K, committed 35392K, reserved 1114112K
  class space    used 3415K, committed 3840K, reserved 1048576K
}
Event: 6.256 GC heap after
{Heap after GC invocations=18 (full 1):
 PSYoungGen      total 23040K, used 788K [0x00000000eab00000, 0x00000000ec300000, 0x0000000100000000)
  eden space 20992K, 0% used [0x00000000eab00000,0x00000000eab00000,0x00000000ebf80000)
  from space 2048K, 38% used [0x00000000ebf80000,0x00000000ec0453c8,0x00000000ec180000)
  to   space 1536K, 0% used [0x00000000ec180000,0x00000000ec180000,0x00000000ec300000)
 ParOldGen       total 68608K, used 27891K [0x00000000c0000000, 0x00000000c4300000, 0x00000000eab00000)
  object space 68608K, 40% used [0x00000000c0000000,0x00000000c1b3cd60,0x00000000c4300000)
 Metaspace       used 34460K, committed 35392K, reserved 1114112K
  class space    used 3415K, committed 3840K, reserved 1048576K
}
Event: 6.432 GC heap before
{Heap before GC invocations=19 (full 1):
 PSYoungGen      total 23040K, used 8973K [0x00000000eab00000, 0x00000000ec300000, 0x0000000100000000)
  eden space 20992K, 38% used [0x00000000eab00000,0x00000000eb2fe398,0x00000000ebf80000)
  from space 2048K, 38% used [0x00000000ebf80000,0x00000000ec0453c8,0x00000000ec180000)
  to   space 1536K, 0% used [0x00000000ec180000,0x00000000ec180000,0x00000000ec300000)
 ParOldGen       total 68608K, used 27891K [0x00000000c0000000, 0x00000000c4300000, 0x00000000eab00000)
  object space 68608K, 40% used [0x00000000c0000000,0x00000000c1b3cd60,0x00000000c4300000)
 Metaspace       used 34926K, committed 35840K, reserved 1114112K
  class space    used 3459K, committed 3904K, reserved 1048576K
}
Event: 6.434 GC heap after
{Heap after GC invocations=19 (full 1):
 PSYoungGen      total 21504K, used 256K [0x00000000eab00000, 0x00000000ec200000, 0x0000000100000000)
  eden space 20992K, 0% used [0x00000000eab00000,0x00000000eab00000,0x00000000ebf80000)
  from space 512K, 50% used [0x00000000ec180000,0x00000000ec1c0000,0x00000000ec200000)
  to   space 1024K, 0% used [0x00000000ec000000,0x00000000ec000000,0x00000000ec100000)
 ParOldGen       total 68608K, used 28638K [0x00000000c0000000, 0x00000000c4300000, 0x00000000eab00000)
  object space 68608K, 41% used [0x00000000c0000000,0x00000000c1bf7988,0x00000000c4300000)
 Metaspace       used 34926K, committed 35840K, reserved 1114112K
  class space    used 3459K, committed 3904K, reserved 1048576K
}
Event: 6.434 GC heap before
{Heap before GC invocations=20 (full 2):
 PSYoungGen      total 21504K, used 256K [0x00000000eab00000, 0x00000000ec200000, 0x0000000100000000)
  eden space 20992K, 0% used [0x00000000eab00000,0x00000000eab00000,0x00000000ebf80000)
  from space 512K, 50% used [0x00000000ec180000,0x00000000ec1c0000,0x00000000ec200000)
  to   space 1024K, 0% used [0x00000000ec000000,0x00000000ec000000,0x00000000ec100000)
 ParOldGen       total 68608K, used 28638K [0x00000000c0000000, 0x00000000c4300000, 0x00000000eab00000)
  object space 68608K, 41% used [0x00000000c0000000,0x00000000c1bf7988,0x00000000c4300000)
 Metaspace       used 34926K, committed 35840K, reserved 1114112K
  class space    used 3459K, committed 3904K, reserved 1048576K
}
Event: 6.498 GC heap after
{Heap after GC invocations=20 (full 2):
 PSYoungGen      total 21504K, used 0K [0x00000000eab00000, 0x00000000ec200000, 0x0000000100000000)
  eden space 20992K, 0% used [0x00000000eab00000,0x00000000eab00000,0x00000000ebf80000)
  from space 512K, 0% used [0x00000000ec180000,0x00000000ec180000,0x00000000ec200000)
  to   space 1024K, 0% used [0x00000000ec000000,0x00000000ec000000,0x00000000ec100000)
 ParOldGen       total 68608K, used 27688K [0x00000000c0000000, 0x00000000c4300000, 0x00000000eab00000)
  object space 68608K, 40% used [0x00000000c0000000,0x00000000c1b0a210,0x00000000c4300000)
 Metaspace       used 34926K, committed 35840K, reserved 1114112K
  class space    used 3459K, committed 3904K, reserved 1048576K
}
Event: 6.818 GC heap before
{Heap before GC invocations=21 (full 2):
 PSYoungGen      total 21504K, used 20992K [0x00000000eab00000, 0x00000000ec200000, 0x0000000100000000)
  eden space 20992K, 100% used [0x00000000eab00000,0x00000000ebf80000,0x00000000ebf80000)
  from space 512K, 0% used [0x00000000ec180000,0x00000000ec180000,0x00000000ec200000)
  to   space 1024K, 0% used [0x00000000ec000000,0x00000000ec000000,0x00000000ec100000)
 ParOldGen       total 68608K, used 27688K [0x00000000c0000000, 0x00000000c4300000, 0x00000000eab00000)
  object space 68608K, 40% used [0x00000000c0000000,0x00000000c1b0a210,0x00000000c4300000)
 Metaspace       used 36719K, committed 37632K, reserved 1114112K
  class space    used 3642K, committed 4032K, reserved 1048576K
}
Event: 6.819 GC heap after
{Heap after GC invocations=21 (full 2):
 PSYoungGen      total 22016K, used 1010K [0x00000000eab00000, 0x00000000ec380000, 0x0000000100000000)
  eden space 20992K, 0% used [0x00000000eab00000,0x00000000eab00000,0x00000000ebf80000)
  from space 1024K, 98% used [0x00000000ec000000,0x00000000ec0fcad8,0x00000000ec100000)
  to   space 2048K, 0% used [0x00000000ec180000,0x00000000ec180000,0x00000000ec380000)
 ParOldGen       total 68608K, used 28335K [0x00000000c0000000, 0x00000000c4300000, 0x00000000eab00000)
  object space 68608K, 41% used [0x00000000c0000000,0x00000000c1babcb8,0x00000000c4300000)
 Metaspace       used 36719K, committed 37632K, reserved 1114112K
  class space    used 3642K, committed 4032K, reserved 1048576K
}
Event: 6.921 GC heap before
{Heap before GC invocations=22 (full 2):
 PSYoungGen      total 22016K, used 22002K [0x00000000eab00000, 0x00000000ec380000, 0x0000000100000000)
  eden space 20992K, 100% used [0x00000000eab00000,0x00000000ebf80000,0x00000000ebf80000)
  from space 1024K, 98% used [0x00000000ec000000,0x00000000ec0fcad8,0x00000000ec100000)
  to   space 2048K, 0% used [0x00000000ec180000,0x00000000ec180000,0x00000000ec380000)
 ParOldGen       total 68608K, used 28335K [0x00000000c0000000, 0x00000000c4300000, 0x00000000eab00000)
  object space 68608K, 41% used [0x00000000c0000000,0x00000000c1babcb8,0x00000000c4300000)
 Metaspace       used 36754K, committed 37632K, reserved 1114112K
  class space    used 3642K, committed 4032K, reserved 1048576K
}
Event: 6.922 GC heap after
{Heap after GC invocations=22 (full 2):
 PSYoungGen      total 22016K, used 649K [0x00000000eab00000, 0x00000000ec280000, 0x0000000100000000)
  eden space 20992K, 0% used [0x00000000eab00000,0x00000000eab00000,0x00000000ebf80000)
  from space 1024K, 63% used [0x00000000ec180000,0x00000000ec2224e8,0x00000000ec280000)
  to   space 1024K, 0% used [0x00000000ec000000,0x00000000ec000000,0x00000000ec100000)
 ParOldGen       total 68608K, used 29361K [0x00000000c0000000, 0x00000000c4300000, 0x00000000eab00000)
  object space 68608K, 42% used [0x00000000c0000000,0x00000000c1cac790,0x00000000c4300000)
 Metaspace       used 36754K, committed 37632K, reserved 1114112K
  class space    used 3642K, committed 4032K, reserved 1048576K
}
Event: 7.096 GC heap before
{Heap before GC invocations=23 (full 2):
 PSYoungGen      total 22016K, used 21641K [0x00000000eab00000, 0x00000000ec280000, 0x0000000100000000)
  eden space 20992K, 100% used [0x00000000eab00000,0x00000000ebf80000,0x00000000ebf80000)
  from space 1024K, 63% used [0x00000000ec180000,0x00000000ec2224e8,0x00000000ec280000)
  to   space 1024K, 0% used [0x00000000ec000000,0x00000000ec000000,0x00000000ec100000)
 ParOldGen       total 68608K, used 29361K [0x00000000c0000000, 0x00000000c4300000, 0x00000000eab00000)
  object space 68608K, 42% used [0x00000000c0000000,0x00000000c1cac790,0x00000000c4300000)
 Metaspace       used 38317K, committed 39296K, reserved 1114112K
  class space    used 3780K, committed 4224K, reserved 1048576K
}
Event: 7.098 GC heap after
{Heap after GC invocations=23 (full 2):
 PSYoungGen      total 22016K, used 514K [0x00000000eab00000, 0x00000000ec200000, 0x0000000100000000)
  eden space 20992K, 0% used [0x00000000eab00000,0x00000000eab00000,0x00000000ebf80000)
  from space 1024K, 50% used [0x00000000ec000000,0x00000000ec0809b8,0x00000000ec100000)
  to   space 1024K, 0% used [0x00000000ec100000,0x00000000ec100000,0x00000000ec200000)
 ParOldGen       total 68608K, used 29369K [0x00000000c0000000, 0x00000000c4300000, 0x00000000eab00000)
  object space 68608K, 42% used [0x00000000c0000000,0x00000000c1cae790,0x00000000c4300000)
 Metaspace       used 38317K, committed 39296K, reserved 1114112K
  class space    used 3780K, committed 4224K, reserved 1048576K
}
Event: 8.424 GC heap before
{Heap before GC invocations=24 (full 2):
 PSYoungGen      total 22016K, used 21506K [0x00000000eab00000, 0x00000000ec200000, 0x0000000100000000)
  eden space 20992K, 100% used [0x00000000eab00000,0x00000000ebf80000,0x00000000ebf80000)
  from space 1024K, 50% used [0x00000000ec000000,0x00000000ec0809b8,0x00000000ec100000)
  to   space 1024K, 0% used [0x00000000ec100000,0x00000000ec100000,0x00000000ec200000)
 ParOldGen       total 68608K, used 29369K [0x00000000c0000000, 0x00000000c4300000, 0x00000000eab00000)
  object space 68608K, 42% used [0x00000000c0000000,0x00000000c1cae790,0x00000000c4300000)
 Metaspace       used 41240K, committed 42240K, reserved 1114112K
  class space    used 4057K, committed 4480K, reserved 1048576K
}
Event: 8.431 GC heap after
{Heap after GC invocations=24 (full 2):
 PSYoungGen      total 21504K, used 1000K [0x00000000eab00000, 0x00000000ec380000, 0x0000000100000000)
  eden space 20480K, 0% used [0x00000000eab00000,0x00000000eab00000,0x00000000ebf00000)
  from space 1024K, 97% used [0x00000000ec100000,0x00000000ec1fa218,0x00000000ec200000)
  to   space 2048K, 0% used [0x00000000ebf00000,0x00000000ebf00000,0x00000000ec100000)
 ParOldGen       total 68608K, used 30180K [0x00000000c0000000, 0x00000000c4300000, 0x00000000eab00000)
  object space 68608K, 43% used [0x00000000c0000000,0x00000000c1d79000,0x00000000c4300000)
 Metaspace       used 41240K, committed 42240K, reserved 1114112K
  class space    used 4057K, committed 4480K, reserved 1048576K
}

