# JRE version: OpenJDK Runtime Environment Temurin-21.0.7+6 (21.0.7+6) (build 21.0.7+6-LTS)
# Java VM: OpenJDK 64-Bit Server VM Temurin-21.0.7+6 (21.0.7+6-LTS, mixed mode, sharing, tiered, compressed oops, compressed class ptrs, parallel gc, windows-amd64)
GC Precious Log:
 CardTable entry size: 512
 CPUs: 4 total, 4 available
 Memory: 7971M
 Large Page Support: Disabled
 NUMA Support: Disabled
 Compressed Oops: Enabled (32-bit)
 Alignments: Space 512K, Generation 512K, Heap 2M
 Heap Min Capacity: 100M
 Heap Initial Capacity: 100M
 Heap Max Capacity: 1G
 Pre-touch: Disabled
 Parallel Workers: 4
Heap:
 PSYoungGen      total 22016K, used 12251K [0x00000000eab00000, 0x00000000ec300000, 0x0000000100000000)
  eden space 20992K, 53% used [0x00000000eab00000,0x00000000eb5fc038,0x00000000ebf80000)
  from space 1024K, 98% used [0x00000000ec100000,0x00000000ec1fae18,0x00000000ec200000)
  to   space 512K, 0% used [0x00000000ec280000,0x00000000ec280000,0x00000000ec300000)
 ParOldGen       total 68608K, used 29662K [0x00000000c0000000, 0x00000000c4300000, 0x00000000eab00000)
  object space 68608K, 43% used [0x00000000c0000000,0x00000000c1cf7860,0x00000000c4300000)
 Metaspace       used 38926K, committed 39936K, reserved 1114112K
  class space    used 3866K, committed 4288K, reserved 1048576K
GC Heap History (20 events):
Event: 8.745 GC heap before
{Heap before GC invocations=14 (full 1):
 PSYoungGen      total 23552K, used 23522K [0x00000000eab00000, 0x00000000eca80000, 0x0000000100000000)
  eden space 20992K, 100% used [0x00000000eab00000,0x00000000ebf80000,0x00000000ebf80000)
  from space 2560K, 98% used [0x00000000ec480000,0x00000000ec6f8890,0x00000000ec700000)
  to   space 5120K, 0% used [0x00000000ebf80000,0x00000000ebf80000,0x00000000ec480000)
 ParOldGen       total 68608K, used 17987K [0x00000000c0000000, 0x00000000c4300000, 0x00000000eab00000)
  object space 68608K, 26% used [0x00000000c0000000,0x00000000c1190ff0,0x00000000c4300000)
 Metaspace       used 32160K, committed 33152K, reserved 1114112K
  class space    used 3183K, committed 3584K, reserved 1048576K
}
Event: 8.749 GC heap after
{Heap after GC invocations=14 (full 1):
 PSYoungGen      total 23040K, used 2048K [0x00000000eab00000, 0x00000000ec580000, 0x0000000100000000)
  eden space 20992K, 0% used [0x00000000eab00000,0x00000000eab00000,0x00000000ebf80000)
  from space 2048K, 100% used [0x00000000ebf80000,0x00000000ec180000,0x00000000ec180000)
  to   space 3072K, 0% used [0x00000000ec280000,0x00000000ec280000,0x00000000ec580000)
 ParOldGen       total 68608K, used 20474K [0x00000000c0000000, 0x00000000c4300000, 0x00000000eab00000)
  object space 68608K, 29% used [0x00000000c0000000,0x00000000c13fe9a8,0x00000000c4300000)
 Metaspace       used 32160K, committed 33152K, reserved 1114112K
  class space    used 3183K, committed 3584K, reserved 1048576K
}
Event: 8.912 GC heap before
{Heap before GC invocations=15 (full 1):
 PSYoungGen      total 23040K, used 23040K [0x00000000eab00000, 0x00000000ec580000, 0x0000000100000000)
  eden space 20992K, 100% used [0x00000000eab00000,0x00000000ebf80000,0x00000000ebf80000)
  from space 2048K, 100% used [0x00000000ebf80000,0x00000000ec180000,0x00000000ec180000)
  to   space 3072K, 0% used [0x00000000ec280000,0x00000000ec280000,0x00000000ec580000)
 ParOldGen       total 68608K, used 20474K [0x00000000c0000000, 0x00000000c4300000, 0x00000000eab00000)
  object space 68608K, 29% used [0x00000000c0000000,0x00000000c13fe9a8,0x00000000c4300000)
 Metaspace       used 32189K, committed 33152K, reserved 1114112K
  class space    used 3184K, committed 3584K, reserved 1048576K
}
Event: 8.917 GC heap after
{Heap after GC invocations=15 (full 1):
 PSYoungGen      total 23552K, used 2084K [0x00000000eab00000, 0x00000000ec500000, 0x0000000100000000)
  eden space 20992K, 0% used [0x00000000eab00000,0x00000000eab00000,0x00000000ebf80000)
  from space 2560K, 81% used [0x00000000ec280000,0x00000000ec489000,0x00000000ec500000)
  to   space 2560K, 0% used [0x00000000ec000000,0x00000000ec000000,0x00000000ec280000)
 ParOldGen       total 68608K, used 22456K [0x00000000c0000000, 0x00000000c4300000, 0x00000000eab00000)
  object space 68608K, 32% used [0x00000000c0000000,0x00000000c15ee358,0x00000000c4300000)
 Metaspace       used 32189K, committed 33152K, reserved 1114112K
  class space    used 3184K, committed 3584K, reserved 1048576K
}
Event: 9.229 GC heap before
{Heap before GC invocations=16 (full 1):
 PSYoungGen      total 23552K, used 23076K [0x00000000eab00000, 0x00000000ec500000, 0x0000000100000000)
  eden space 20992K, 100% used [0x00000000eab00000,0x00000000ebf80000,0x00000000ebf80000)
  from space 2560K, 81% used [0x00000000ec280000,0x00000000ec489000,0x00000000ec500000)
  to   space 2560K, 0% used [0x00000000ec000000,0x00000000ec000000,0x00000000ec280000)
 ParOldGen       total 68608K, used 22456K [0x00000000c0000000, 0x00000000c4300000, 0x00000000eab00000)
  object space 68608K, 32% used [0x00000000c0000000,0x00000000c15ee358,0x00000000c4300000)
 Metaspace       used 32294K, committed 33280K, reserved 1114112K
  class space    used 3184K, committed 3584K, reserved 1048576K
}
Event: 9.234 GC heap after
{Heap after GC invocations=16 (full 1):
 PSYoungGen      total 23552K, used 2112K [0x00000000eab00000, 0x00000000ec480000, 0x0000000100000000)
  eden space 20992K, 0% used [0x00000000eab00000,0x00000000eab00000,0x00000000ebf80000)
  from space 2560K, 82% used [0x00000000ec000000,0x00000000ec210010,0x00000000ec280000)
  to   space 2048K, 0% used [0x00000000ec280000,0x00000000ec280000,0x00000000ec480000)
 ParOldGen       total 68608K, used 24454K [0x00000000c0000000, 0x00000000c4300000, 0x00000000eab00000)
  object space 68608K, 35% used [0x00000000c0000000,0x00000000c17e18f8,0x00000000c4300000)
 Metaspace       used 32294K, committed 33280K, reserved 1114112K
  class space    used 3184K, committed 3584K, reserved 1048576K
}
Event: 9.383 GC heap before
{Heap before GC invocations=17 (full 1):
 PSYoungGen      total 23552K, used 23104K [0x00000000eab00000, 0x00000000ec480000, 0x0000000100000000)
  eden space 20992K, 100% used [0x00000000eab00000,0x00000000ebf80000,0x00000000ebf80000)
  from space 2560K, 82% used [0x00000000ec000000,0x00000000ec210010,0x00000000ec280000)
  to   space 2048K, 0% used [0x00000000ec280000,0x00000000ec280000,0x00000000ec480000)
 ParOldGen       total 68608K, used 24454K [0x00000000c0000000, 0x00000000c4300000, 0x00000000eab00000)
  object space 68608K, 35% used [0x00000000c0000000,0x00000000c17e18f8,0x00000000c4300000)
 Metaspace       used 32387K, committed 33344K, reserved 1114112K
  class space    used 3186K, committed 3584K, reserved 1048576K
}
Event: 9.386 GC heap after
{Heap after GC invocations=17 (full 1):
 PSYoungGen      total 23040K, used 1880K [0x00000000eab00000, 0x00000000ec480000, 0x0000000100000000)
  eden space 20992K, 0% used [0x00000000eab00000,0x00000000eab00000,0x00000000ebf80000)
  from space 2048K, 91% used [0x00000000ec280000,0x00000000ec456200,0x00000000ec480000)
  to   space 2048K, 0% used [0x00000000ec080000,0x00000000ec080000,0x00000000ec280000)
 ParOldGen       total 68608K, used 26499K [0x00000000c0000000, 0x00000000c4300000, 0x00000000eab00000)
  object space 68608K, 38% used [0x00000000c0000000,0x00000000c19e0e30,0x00000000c4300000)
 Metaspace       used 32387K, committed 33344K, reserved 1114112K
  class space    used 3186K, committed 3584K, reserved 1048576K
}
Event: 9.693 GC heap before
{Heap before GC invocations=18 (full 1):
 PSYoungGen      total 23040K, used 22872K [0x00000000eab00000, 0x00000000ec480000, 0x0000000100000000)
  eden space 20992K, 100% used [0x00000000eab00000,0x00000000ebf80000,0x00000000ebf80000)
  from space 2048K, 91% used [0x00000000ec280000,0x00000000ec456200,0x00000000ec480000)
  to   space 2048K, 0% used [0x00000000ec080000,0x00000000ec080000,0x00000000ec280000)
 ParOldGen       total 68608K, used 26499K [0x00000000c0000000, 0x00000000c4300000, 0x00000000eab00000)
  object space 68608K, 38% used [0x00000000c0000000,0x00000000c19e0e30,0x00000000c4300000)
 Metaspace       used 33780K, committed 34688K, reserved 1114112K
  class space    used 3333K, committed 3712K, reserved 1048576K
}
Event: 9.697 GC heap after
{Heap after GC invocations=18 (full 1):
 PSYoungGen      total 23040K, used 1562K [0x00000000eab00000, 0x00000000ec380000, 0x0000000100000000)
  eden space 20992K, 0% used [0x00000000eab00000,0x00000000eab00000,0x00000000ebf80000)
  from space 2048K, 76% used [0x00000000ec080000,0x00000000ec206968,0x00000000ec280000)
  to   space 1024K, 0% used [0x00000000ec280000,0x00000000ec280000,0x00000000ec380000)
 ParOldGen       total 68608K, used 28340K [0x00000000c0000000, 0x00000000c4300000, 0x00000000eab00000)
  object space 68608K, 41% used [0x00000000c0000000,0x00000000c1bad030,0x00000000c4300000)
 Metaspace       used 33780K, committed 34688K, reserved 1114112K
  class space    used 3333K, committed 3712K, reserved 1048576K
}
Event: 10.174 GC heap before
{Heap before GC invocations=19 (full 1):
 PSYoungGen      total 23040K, used 9859K [0x00000000eab00000, 0x00000000ec380000, 0x0000000100000000)
  eden space 20992K, 39% used [0x00000000eab00000,0x00000000eb31a3d0,0x00000000ebf80000)
  from space 2048K, 76% used [0x00000000ec080000,0x00000000ec206968,0x00000000ec280000)
  to   space 1024K, 0% used [0x00000000ec280000,0x00000000ec280000,0x00000000ec380000)
 ParOldGen       total 68608K, used 28340K [0x00000000c0000000, 0x00000000c4300000, 0x00000000eab00000)
  object space 68608K, 41% used [0x00000000c0000000,0x00000000c1bad030,0x00000000c4300000)
 Metaspace       used 34964K, committed 35840K, reserved 1114112K
  class space    used 3461K, committed 3840K, reserved 1048576K
}
Event: 10.177 GC heap after
{Heap after GC invocations=19 (full 1):
 PSYoungGen      total 21504K, used 485K [0x00000000eab00000, 0x00000000ec300000, 0x0000000100000000)
  eden space 20992K, 0% used [0x00000000eab00000,0x00000000eab00000,0x00000000ebf80000)
  from space 512K, 94% used [0x00000000ec280000,0x00000000ec2f9558,0x00000000ec300000)
  to   space 1024K, 0% used [0x00000000ec100000,0x00000000ec100000,0x00000000ec200000)
 ParOldGen       total 68608K, used 29760K [0x00000000c0000000, 0x00000000c4300000, 0x00000000eab00000)
  object space 68608K, 43% used [0x00000000c0000000,0x00000000c1d10220,0x00000000c4300000)
 Metaspace       used 34964K, committed 35840K, reserved 1114112K
  class space    used 3461K, committed 3840K, reserved 1048576K
}
Event: 10.177 GC heap before
{Heap before GC invocations=20 (full 2):
 PSYoungGen      total 21504K, used 485K [0x00000000eab00000, 0x00000000ec300000, 0x0000000100000000)
  eden space 20992K, 0% used [0x00000000eab00000,0x00000000eab00000,0x00000000ebf80000)
  from space 512K, 94% used [0x00000000ec280000,0x00000000ec2f9558,0x00000000ec300000)
  to   space 1024K, 0% used [0x00000000ec100000,0x00000000ec100000,0x00000000ec200000)
 ParOldGen       total 68608K, used 29760K [0x00000000c0000000, 0x00000000c4300000, 0x00000000eab00000)
  object space 68608K, 43% used [0x00000000c0000000,0x00000000c1d10220,0x00000000c4300000)
 Metaspace       used 34964K, committed 35840K, reserved 1114112K
  class space    used 3461K, committed 3840K, reserved 1048576K
}
Event: 10.233 GC heap after
{Heap after GC invocations=20 (full 2):
 PSYoungGen      total 21504K, used 0K [0x00000000eab00000, 0x00000000ec300000, 0x0000000100000000)
  eden space 20992K, 0% used [0x00000000eab00000,0x00000000eab00000,0x00000000ebf80000)
  from space 512K, 0% used [0x00000000ec280000,0x00000000ec280000,0x00000000ec300000)
  to   space 1024K, 0% used [0x00000000ec100000,0x00000000ec100000,0x00000000ec200000)
 ParOldGen       total 68608K, used 28307K [0x00000000c0000000, 0x00000000c4300000, 0x00000000eab00000)
  object space 68608K, 41% used [0x00000000c0000000,0x00000000c1ba4d08,0x00000000c4300000)
 Metaspace       used 34923K, committed 35840K, reserved 1114112K
  class space    used 3449K, committed 3840K, reserved 1048576K
}
Event: 11.096 GC heap before
{Heap before GC invocations=21 (full 2):
 PSYoungGen      total 21504K, used 20942K [0x00000000eab00000, 0x00000000ec300000, 0x0000000100000000)
  eden space 20992K, 99% used [0x00000000eab00000,0x00000000ebf73a78,0x00000000ebf80000)
  from space 512K, 0% used [0x00000000ec280000,0x00000000ec280000,0x00000000ec300000)
  to   space 1024K, 0% used [0x00000000ec100000,0x00000000ec100000,0x00000000ec200000)
 ParOldGen       total 68608K, used 28307K [0x00000000c0000000, 0x00000000c4300000, 0x00000000eab00000)
  object space 68608K, 41% used [0x00000000c0000000,0x00000000c1ba4d08,0x00000000c4300000)
 Metaspace       used 36045K, committed 37056K, reserved 1114112K
  class space    used 3570K, committed 4032K, reserved 1048576K
}
Event: 11.097 GC heap after
{Heap after GC invocations=21 (full 2):
 PSYoungGen      total 22016K, used 320K [0x00000000eab00000, 0x00000000ec300000, 0x0000000100000000)
  eden space 20992K, 0% used [0x00000000eab00000,0x00000000eab00000,0x00000000ebf80000)
  from space 1024K, 31% used [0x00000000ec100000,0x00000000ec150000,0x00000000ec200000)
  to   space 512K, 0% used [0x00000000ec280000,0x00000000ec280000,0x00000000ec300000)
 ParOldGen       total 68608K, used 28315K [0x00000000c0000000, 0x00000000c4300000, 0x00000000eab00000)
  object space 68608K, 41% used [0x00000000c0000000,0x00000000c1ba6d08,0x00000000c4300000)
 Metaspace       used 36045K, committed 37056K, reserved 1114112K
  class space    used 3570K, committed 4032K, reserved 1048576K
}
Event: 11.643 GC heap before
{Heap before GC invocations=22 (full 2):
 PSYoungGen      total 22016K, used 21297K [0x00000000eab00000, 0x00000000ec300000, 0x0000000100000000)
  eden space 20992K, 99% used [0x00000000eab00000,0x00000000ebf7c640,0x00000000ebf80000)
  from space 1024K, 31% used [0x00000000ec100000,0x00000000ec150000,0x00000000ec200000)
  to   space 512K, 0% used [0x00000000ec280000,0x00000000ec280000,0x00000000ec300000)
 ParOldGen       total 68608K, used 28315K [0x00000000c0000000, 0x00000000c4300000, 0x00000000eab00000)
  object space 68608K, 41% used [0x00000000c0000000,0x00000000c1ba6d08,0x00000000c4300000)
 Metaspace       used 38273K, committed 39232K, reserved 1114112K
  class space    used 3806K, committed 4224K, reserved 1048576K
}
Event: 11.645 GC heap after
{Heap after GC invocations=22 (full 2):
 PSYoungGen      total 21504K, used 512K [0x00000000eab00000, 0x00000000ec300000, 0x0000000100000000)
  eden space 20992K, 0% used [0x00000000eab00000,0x00000000eab00000,0x00000000ebf80000)
  from space 512K, 100% used [0x00000000ec280000,0x00000000ec300000,0x00000000ec300000)
  to   space 1024K, 0% used [0x00000000ec100000,0x00000000ec100000,0x00000000ec200000)
 ParOldGen       total 68608K, used 28715K [0x00000000c0000000, 0x00000000c4300000, 0x00000000eab00000)
  object space 68608K, 41% used [0x00000000c0000000,0x00000000c1c0ad08,0x00000000c4300000)
 Metaspace       used 38273K, committed 39232K, reserved 1114112K
  class space    used 3806K, committed 4224K, reserved 1048576K
}
Event: 11.995 GC heap before
{Heap before GC invocations=23 (full 2):
 PSYoungGen      total 21504K, used 21504K [0x00000000eab00000, 0x00000000ec300000, 0x0000000100000000)
  eden space 20992K, 100% used [0x00000000eab00000,0x00000000ebf80000,0x00000000ebf80000)
  from space 512K, 100% used [0x00000000ec280000,0x00000000ec300000,0x00000000ec300000)
  to   space 1024K, 0% used [0x00000000ec100000,0x00000000ec100000,0x00000000ec200000)
 ParOldGen       total 68608K, used 28715K [0x00000000c0000000, 0x00000000c4300000, 0x00000000eab00000)
  object space 68608K, 41% used [0x00000000c0000000,0x00000000c1c0ad08,0x00000000c4300000)
 Metaspace       used 38920K, committed 39936K, reserved 1114112K
  class space    used 3866K, committed 4288K, reserved 1048576K
}
Event: 11.998 GC heap after
{Heap after GC invocations=23 (full 2):
 PSYoungGen      total 22016K, used 1003K [0x00000000eab00000, 0x00000000ec300000, 0x0000000100000000)
  eden space 20992K, 0% used [0x00000000eab00000,0x00000000eab00000,0x00000000ebf80000)
  from space 1024K, 98% used [0x00000000ec100000,0x00000000ec1fae18,0x00000000ec200000)
  to   space 512K, 0% used [0x00000000ec280000,0x00000000ec280000,0x00000000ec300000)
 ParOldGen       total 68608K, used 29662K [0x00000000c0000000, 0x00000000c4300000, 0x00000000eab00000)
  object space 68608K, 43% used [0x00000000c0000000,0x00000000c1cf7860,0x00000000c4300000)
 Metaspace       used 38920K, committed 39936K, reserved 1114112K
  class space    used 3866K, committed 4288K, reserved 1048576K
}

