# JRE version: OpenJDK Runtime Environment Temurin-21.0.7+6 (21.0.7+6) (build 21.0.7+6-LTS)
# Java VM: OpenJDK 64-Bit Server VM Temurin-21.0.7+6 (21.0.7+6-LTS, mixed mode, sharing, tiered, compressed oops, compressed class ptrs, parallel gc, windows-amd64)
GC Precious Log:
 CardTable entry size: 512
 CPUs: 4 total, 4 available
 Memory: 7971M
 Large Page Support: Disabled
 NUMA Support: Disabled
 Compressed Oops: Enabled (32-bit)
 Alignments: Space 512K, Generation 512K, Heap 2M
 Heap Min Capacity: 100M
 Heap Initial Capacity: 100M
 Heap Max Capacity: 1G
 Pre-touch: Disabled
 Parallel Workers: 4
Heap:
 PSYoungGen      total 21504K, used 13643K [0x00000000eab00000, 0x00000000ec200000, 0x0000000100000000)
  eden space 19968K, 63% used [0x00000000eab00000,0x00000000eb752bf0,0x00000000ebe80000)
  from space 1536K, 66% used [0x00000000ec080000,0x00000000ec180010,0x00000000ec200000)
  to   space 1536K, 0% used [0x00000000ebf00000,0x00000000ebf00000,0x00000000ec080000)
 ParOldGen       total 68608K, used 35138K [0x00000000c0000000, 0x00000000c4300000, 0x00000000eab00000)
  object space 68608K, 51% used [0x00000000c0000000,0x00000000c22508c8,0x00000000c4300000)
 Metaspace       used 47265K, committed 48448K, reserved 1114112K
  class space    used 5014K, committed 5504K, reserved 1048576K
GC Heap History (20 events):
Event: 7.782 GC heap before
{Heap before GC invocations=17 (full 2):
 PSYoungGen      total 24064K, used 22016K [0x00000000eab00000, 0x00000000ec580000, 0x0000000100000000)
  eden space 22016K, 100% used [0x00000000eab00000,0x00000000ec080000,0x00000000ec080000)
  from space 2048K, 0% used [0x00000000ec380000,0x00000000ec380000,0x00000000ec580000)
  to   space 2048K, 0% used [0x00000000ec080000,0x00000000ec080000,0x00000000ec280000)
 ParOldGen       total 68608K, used 21842K [0x00000000c0000000, 0x00000000c4300000, 0x00000000eab00000)
  object space 68608K, 31% used [0x00000000c0000000,0x00000000c15549d0,0x00000000c4300000)
 Metaspace       used 35979K, committed 37120K, reserved 1114112K
  class space    used 3608K, committed 4096K, reserved 1048576K
}
Event: 7.784 GC heap after
{Heap after GC invocations=17 (full 2):
 PSYoungGen      total 24064K, used 1632K [0x00000000eab00000, 0x00000000ec480000, 0x0000000100000000)
  eden space 22016K, 0% used [0x00000000eab00000,0x00000000eab00000,0x00000000ec080000)
  from space 2048K, 79% used [0x00000000ec080000,0x00000000ec218020,0x00000000ec280000)
  to   space 2048K, 0% used [0x00000000ec280000,0x00000000ec280000,0x00000000ec480000)
 ParOldGen       total 68608K, used 21850K [0x00000000c0000000, 0x00000000c4300000, 0x00000000eab00000)
  object space 68608K, 31% used [0x00000000c0000000,0x00000000c15569d0,0x00000000c4300000)
 Metaspace       used 35979K, committed 37120K, reserved 1114112K
  class space    used 3608K, committed 4096K, reserved 1048576K
}
Event: 7.950 GC heap before
{Heap before GC invocations=18 (full 2):
 PSYoungGen      total 24064K, used 23634K [0x00000000eab00000, 0x00000000ec480000, 0x0000000100000000)
  eden space 22016K, 99% used [0x00000000eab00000,0x00000000ec07cb78,0x00000000ec080000)
  from space 2048K, 79% used [0x00000000ec080000,0x00000000ec218020,0x00000000ec280000)
  to   space 2048K, 0% used [0x00000000ec280000,0x00000000ec280000,0x00000000ec480000)
 ParOldGen       total 68608K, used 21850K [0x00000000c0000000, 0x00000000c4300000, 0x00000000eab00000)
  object space 68608K, 31% used [0x00000000c0000000,0x00000000c15569d0,0x00000000c4300000)
 Metaspace       used 37233K, committed 38336K, reserved 1114112K
  class space    used 3770K, committed 4224K, reserved 1048576K
}
Event: 7.957 GC heap after
{Heap after GC invocations=18 (full 2):
 PSYoungGen      total 24064K, used 1664K [0x00000000eab00000, 0x00000000ec480000, 0x0000000100000000)
  eden space 22016K, 0% used [0x00000000eab00000,0x00000000eab00000,0x00000000ec080000)
  from space 2048K, 81% used [0x00000000ec280000,0x00000000ec420000,0x00000000ec480000)
  to   space 2048K, 0% used [0x00000000ec080000,0x00000000ec080000,0x00000000ec280000)
 ParOldGen       total 68608K, used 23374K [0x00000000c0000000, 0x00000000c4300000, 0x00000000eab00000)
  object space 68608K, 34% used [0x00000000c0000000,0x00000000c16d3b18,0x00000000c4300000)
 Metaspace       used 37233K, committed 38336K, reserved 1114112K
  class space    used 3770K, committed 4224K, reserved 1048576K
}
Event: 8.031 GC heap before
{Heap before GC invocations=19 (full 2):
 PSYoungGen      total 24064K, used 23680K [0x00000000eab00000, 0x00000000ec480000, 0x0000000100000000)
  eden space 22016K, 100% used [0x00000000eab00000,0x00000000ec080000,0x00000000ec080000)
  from space 2048K, 81% used [0x00000000ec280000,0x00000000ec420000,0x00000000ec480000)
  to   space 2048K, 0% used [0x00000000ec080000,0x00000000ec080000,0x00000000ec280000)
 ParOldGen       total 68608K, used 23374K [0x00000000c0000000, 0x00000000c4300000, 0x00000000eab00000)
  object space 68608K, 34% used [0x00000000c0000000,0x00000000c16d3b18,0x00000000c4300000)
 Metaspace       used 37609K, committed 38720K, reserved 1114112K
  class space    used 3820K, committed 4288K, reserved 1048576K
}
Event: 8.034 GC heap after
{Heap after GC invocations=19 (full 2):
 PSYoungGen      total 24064K, used 1892K [0x00000000eab00000, 0x00000000ec480000, 0x0000000100000000)
  eden space 22016K, 0% used [0x00000000eab00000,0x00000000eab00000,0x00000000ec080000)
  from space 2048K, 92% used [0x00000000ec080000,0x00000000ec259000,0x00000000ec280000)
  to   space 2048K, 0% used [0x00000000ec280000,0x00000000ec280000,0x00000000ec480000)
 ParOldGen       total 68608K, used 24918K [0x00000000c0000000, 0x00000000c4300000, 0x00000000eab00000)
  object space 68608K, 36% used [0x00000000c0000000,0x00000000c1855b18,0x00000000c4300000)
 Metaspace       used 37609K, committed 38720K, reserved 1114112K
  class space    used 3820K, committed 4288K, reserved 1048576K
}
Event: 8.100 GC heap before
{Heap before GC invocations=20 (full 2):
 PSYoungGen      total 24064K, used 23908K [0x00000000eab00000, 0x00000000ec480000, 0x0000000100000000)
  eden space 22016K, 100% used [0x00000000eab00000,0x00000000ec080000,0x00000000ec080000)
  from space 2048K, 92% used [0x00000000ec080000,0x00000000ec259000,0x00000000ec280000)
  to   space 2048K, 0% used [0x00000000ec280000,0x00000000ec280000,0x00000000ec480000)
 ParOldGen       total 68608K, used 24918K [0x00000000c0000000, 0x00000000c4300000, 0x00000000eab00000)
  object space 68608K, 36% used [0x00000000c0000000,0x00000000c1855b18,0x00000000c4300000)
 Metaspace       used 37769K, committed 38848K, reserved 1114112K
  class space    used 3848K, committed 4288K, reserved 1048576K
}
Event: 8.107 GC heap after
{Heap after GC invocations=20 (full 2):
 PSYoungGen      total 24064K, used 1685K [0x00000000eab00000, 0x00000000ec480000, 0x0000000100000000)
  eden space 22016K, 0% used [0x00000000eab00000,0x00000000eab00000,0x00000000ec080000)
  from space 2048K, 82% used [0x00000000ec280000,0x00000000ec425410,0x00000000ec480000)
  to   space 2048K, 0% used [0x00000000ec080000,0x00000000ec080000,0x00000000ec280000)
 ParOldGen       total 68608K, used 26674K [0x00000000c0000000, 0x00000000c4300000, 0x00000000eab00000)
  object space 68608K, 38% used [0x00000000c0000000,0x00000000c1a0caf0,0x00000000c4300000)
 Metaspace       used 37769K, committed 38848K, reserved 1114112K
  class space    used 3848K, committed 4288K, reserved 1048576K
}
Event: 8.182 GC heap before
{Heap before GC invocations=21 (full 2):
 PSYoungGen      total 24064K, used 23701K [0x00000000eab00000, 0x00000000ec480000, 0x0000000100000000)
  eden space 22016K, 100% used [0x00000000eab00000,0x00000000ec080000,0x00000000ec080000)
  from space 2048K, 82% used [0x00000000ec280000,0x00000000ec425410,0x00000000ec480000)
  to   space 2048K, 0% used [0x00000000ec080000,0x00000000ec080000,0x00000000ec280000)
 ParOldGen       total 68608K, used 26674K [0x00000000c0000000, 0x00000000c4300000, 0x00000000eab00000)
  object space 68608K, 38% used [0x00000000c0000000,0x00000000c1a0caf0,0x00000000c4300000)
 Metaspace       used 37987K, committed 39104K, reserved 1114112K
  class space    used 3878K, committed 4352K, reserved 1048576K
}
Event: 8.189 GC heap after
{Heap after GC invocations=21 (full 2):
 PSYoungGen      total 24064K, used 1936K [0x00000000eab00000, 0x00000000ec480000, 0x0000000100000000)
  eden space 22016K, 0% used [0x00000000eab00000,0x00000000eab00000,0x00000000ec080000)
  from space 2048K, 94% used [0x00000000ec080000,0x00000000ec264020,0x00000000ec280000)
  to   space 2048K, 0% used [0x00000000ec280000,0x00000000ec280000,0x00000000ec480000)
 ParOldGen       total 68608K, used 28106K [0x00000000c0000000, 0x00000000c4300000, 0x00000000eab00000)
  object space 68608K, 40% used [0x00000000c0000000,0x00000000c1b72af0,0x00000000c4300000)
 Metaspace       used 37987K, committed 39104K, reserved 1114112K
  class space    used 3878K, committed 4352K, reserved 1048576K
}
Event: 8.257 GC heap before
{Heap before GC invocations=22 (full 2):
 PSYoungGen      total 24064K, used 23920K [0x00000000eab00000, 0x00000000ec480000, 0x0000000100000000)
  eden space 22016K, 99% used [0x00000000eab00000,0x00000000ec078210,0x00000000ec080000)
  from space 2048K, 94% used [0x00000000ec080000,0x00000000ec264020,0x00000000ec280000)
  to   space 2048K, 0% used [0x00000000ec280000,0x00000000ec280000,0x00000000ec480000)
 ParOldGen       total 68608K, used 28106K [0x00000000c0000000, 0x00000000c4300000, 0x00000000eab00000)
  object space 68608K, 40% used [0x00000000c0000000,0x00000000c1b72af0,0x00000000c4300000)
 Metaspace       used 38362K, committed 39424K, reserved 1114112K
  class space    used 3924K, committed 4352K, reserved 1048576K
}
Event: 8.260 GC heap after
{Heap after GC invocations=22 (full 2):
 PSYoungGen      total 24064K, used 1805K [0x00000000eab00000, 0x00000000ec480000, 0x0000000100000000)
  eden space 22016K, 0% used [0x00000000eab00000,0x00000000eab00000,0x00000000ec080000)
  from space 2048K, 88% used [0x00000000ec280000,0x00000000ec443740,0x00000000ec480000)
  to   space 2048K, 0% used [0x00000000ec080000,0x00000000ec080000,0x00000000ec280000)
 ParOldGen       total 68608K, used 29938K [0x00000000c0000000, 0x00000000c4300000, 0x00000000eab00000)
  object space 68608K, 43% used [0x00000000c0000000,0x00000000c1d3cb00,0x00000000c4300000)
 Metaspace       used 38362K, committed 39424K, reserved 1114112K
  class space    used 3924K, committed 4352K, reserved 1048576K
}
Event: 8.393 GC heap before
{Heap before GC invocations=23 (full 2):
 PSYoungGen      total 24064K, used 23821K [0x00000000eab00000, 0x00000000ec480000, 0x0000000100000000)
  eden space 22016K, 100% used [0x00000000eab00000,0x00000000ec080000,0x00000000ec080000)
  from space 2048K, 88% used [0x00000000ec280000,0x00000000ec443740,0x00000000ec480000)
  to   space 2048K, 0% used [0x00000000ec080000,0x00000000ec080000,0x00000000ec280000)
 ParOldGen       total 68608K, used 29938K [0x00000000c0000000, 0x00000000c4300000, 0x00000000eab00000)
  object space 68608K, 43% used [0x00000000c0000000,0x00000000c1d3cb00,0x00000000c4300000)
 Metaspace       used 39390K, committed 40512K, reserved 1114112K
  class space    used 4037K, committed 4480K, reserved 1048576K
}
Event: 8.396 GC heap after
{Heap after GC invocations=23 (full 2):
 PSYoungGen      total 23552K, used 1120K [0x00000000eab00000, 0x00000000ec380000, 0x0000000100000000)
  eden space 22016K, 0% used [0x00000000eab00000,0x00000000eab00000,0x00000000ec080000)
  from space 1536K, 72% used [0x00000000ec080000,0x00000000ec198000,0x00000000ec200000)
  to   space 1536K, 0% used [0x00000000ec200000,0x00000000ec200000,0x00000000ec380000)
 ParOldGen       total 68608K, used 31435K [0x00000000c0000000, 0x00000000c4300000, 0x00000000eab00000)
  object space 68608K, 45% used [0x00000000c0000000,0x00000000c1eb2d00,0x00000000c4300000)
 Metaspace       used 39390K, committed 40512K, reserved 1114112K
  class space    used 4037K, committed 4480K, reserved 1048576K
}
Event: 8.643 GC heap before
{Heap before GC invocations=24 (full 2):
 PSYoungGen      total 23552K, used 23136K [0x00000000eab00000, 0x00000000ec380000, 0x0000000100000000)
  eden space 22016K, 100% used [0x00000000eab00000,0x00000000ec080000,0x00000000ec080000)
  from space 1536K, 72% used [0x00000000ec080000,0x00000000ec198000,0x00000000ec200000)
  to   space 1536K, 0% used [0x00000000ec200000,0x00000000ec200000,0x00000000ec380000)
 ParOldGen       total 68608K, used 31435K [0x00000000c0000000, 0x00000000c4300000, 0x00000000eab00000)
  object space 68608K, 45% used [0x00000000c0000000,0x00000000c1eb2d00,0x00000000c4300000)
 Metaspace       used 41813K, committed 42944K, reserved 1114112K
  class space    used 4315K, committed 4800K, reserved 1048576K
}
Event: 8.647 GC heap after
{Heap after GC invocations=24 (full 2):
 PSYoungGen      total 21504K, used 1510K [0x00000000eab00000, 0x00000000ec780000, 0x0000000100000000)
  eden space 19968K, 0% used [0x00000000eab00000,0x00000000eab00000,0x00000000ebe80000)
  from space 1536K, 98% used [0x00000000ec200000,0x00000000ec379980,0x00000000ec380000)
  to   space 3584K, 0% used [0x00000000ebe80000,0x00000000ebe80000,0x00000000ec200000)
 ParOldGen       total 68608K, used 32852K [0x00000000c0000000, 0x00000000c4300000, 0x00000000eab00000)
  object space 68608K, 47% used [0x00000000c0000000,0x00000000c2015308,0x00000000c4300000)
 Metaspace       used 41813K, committed 42944K, reserved 1114112K
  class space    used 4315K, committed 4800K, reserved 1048576K
}
Event: 8.818 GC heap before
{Heap before GC invocations=25 (full 2):
 PSYoungGen      total 21504K, used 21478K [0x00000000eab00000, 0x00000000ec780000, 0x0000000100000000)
  eden space 19968K, 100% used [0x00000000eab00000,0x00000000ebe80000,0x00000000ebe80000)
  from space 1536K, 98% used [0x00000000ec200000,0x00000000ec379980,0x00000000ec380000)
  to   space 3584K, 0% used [0x00000000ebe80000,0x00000000ebe80000,0x00000000ec200000)
 ParOldGen       total 68608K, used 32852K [0x00000000c0000000, 0x00000000c4300000, 0x00000000eab00000)
  object space 68608K, 47% used [0x00000000c0000000,0x00000000c2015308,0x00000000c4300000)
 Metaspace       used 44393K, committed 45568K, reserved 1114112K
  class space    used 4611K, committed 5120K, reserved 1048576K
}
Event: 8.820 GC heap after
{Heap after GC invocations=25 (full 2):
 PSYoungGen      total 20992K, used 965K [0x00000000eab00000, 0x00000000ec280000, 0x0000000100000000)
  eden space 19968K, 0% used [0x00000000eab00000,0x00000000eab00000,0x00000000ebe80000)
  from space 1024K, 94% used [0x00000000ebe80000,0x00000000ebf71558,0x00000000ebf80000)
  to   space 2048K, 0% used [0x00000000ec080000,0x00000000ec080000,0x00000000ec280000)
 ParOldGen       total 68608K, used 34286K [0x00000000c0000000, 0x00000000c4300000, 0x00000000eab00000)
  object space 68608K, 49% used [0x00000000c0000000,0x00000000c217b958,0x00000000c4300000)
 Metaspace       used 44393K, committed 45568K, reserved 1114112K
  class space    used 4611K, committed 5120K, reserved 1048576K
}
Event: 9.129 GC heap before
{Heap before GC invocations=26 (full 2):
 PSYoungGen      total 20992K, used 20933K [0x00000000eab00000, 0x00000000ec280000, 0x0000000100000000)
  eden space 19968K, 100% used [0x00000000eab00000,0x00000000ebe80000,0x00000000ebe80000)
  from space 1024K, 94% used [0x00000000ebe80000,0x00000000ebf71558,0x00000000ebf80000)
  to   space 2048K, 0% used [0x00000000ec080000,0x00000000ec080000,0x00000000ec280000)
 ParOldGen       total 68608K, used 34286K [0x00000000c0000000, 0x00000000c4300000, 0x00000000eab00000)
  object space 68608K, 49% used [0x00000000c0000000,0x00000000c217b958,0x00000000c4300000)
 Metaspace       used 46478K, committed 47680K, reserved 1114112K
  class space    used 4886K, committed 5376K, reserved 1048576K
}
Event: 9.132 GC heap after
{Heap after GC invocations=26 (full 2):
 PSYoungGen      total 21504K, used 1024K [0x00000000eab00000, 0x00000000ec200000, 0x0000000100000000)
  eden space 19968K, 0% used [0x00000000eab00000,0x00000000eab00000,0x00000000ebe80000)
  from space 1536K, 66% used [0x00000000ec080000,0x00000000ec180010,0x00000000ec200000)
  to   space 1536K, 0% used [0x00000000ebf00000,0x00000000ebf00000,0x00000000ec080000)
 ParOldGen       total 68608K, used 35138K [0x00000000c0000000, 0x00000000c4300000, 0x00000000eab00000)
  object space 68608K, 51% used [0x00000000c0000000,0x00000000c22508c8,0x00000000c4300000)
 Metaspace       used 46478K, committed 47680K, reserved 1114112K
  class space    used 4886K, committed 5376K, reserved 1048576K
}

